{
  "RSpec": {
    "coverage": {
      "/home/johnbat26/projects/idea_projects/sample_app/app/controllers/application_controller.rb": [
        1,
        1,
        null
      ],
      "/home/johnbat26/projects/idea_projects/sample_app/app/helpers/application_helper.rb": [
        1,
        null,
        null,
        1,
        21,
        null,
        null,
        null,
        null,
        1,
        21,
        21,
        2,
        null,
        19,
        null,
        null,
        null,
        null
      ],
      "/home/johnbat26/projects/idea_projects/sample_app/app/helpers/static_pages_helper.rb": [
        1,
        null
      ],
      "/home/johnbat26/projects/idea_projects/sample_app/app/helpers/users_helper.rb": [
        1,
        null,
        1,
        2,
        null,
        null,
        null,
        null
      ],
      "/home/johnbat26/projects/idea_projects/sample_app/app/controllers/static_pages_controller.rb": [
        1,
        1,
        null,
        null,
        1,
        null,
        null,
        1,
        null,
        null,
        null,
        1,
        null,
        null,
        null
      ],
      "/home/johnbat26/projects/idea_projects/sample_app/app/controllers/users_controller.rb": [
        1,
        1,
        2,
        2,
        null,
        null,
        1,
        3,
        3,
        null,
        null,
        1,
        6,
        6,
        3,
        3,
        null,
        3,
        3,
        null,
        null,
        null,
        null,
        null
      ],
      "/home/johnbat26/projects/idea_projects/sample_app/app/models/user.rb": [
        null,
        null,
        null,
        null,
        null,
        null,
        null,
        null,
        null,
        null,
        null,
        null,
        1,
        1,
        1,
        null,
        1,
        1,
        1,
        null,
        1,
        null,
        null,
        null
      ]
    },
    "timestamp": 1328213921
  }
}
